<?xml version="1.0" encoding="UTF-8"?>
<coverage generated="1777113704760" clover="3.2.0">
  <project timestamp="1777113704761" name="All files">
    <metrics statements="24" coveredstatements="24" conditionals="4" coveredconditionals="4" methods="3" coveredmethods="3" elements="31" coveredelements="31" complexity="0" loc="24" ncloc="24" packages="1" files="1" classes="1"/>
    <file name="merge.ts" path="D:\สร้างเล่นๆ\merge-project\merge-project\src\merge.ts">
      <metrics statements="24" coveredstatements="24" conditionals="4" coveredconditionals="4" methods="3" coveredmethods="3"/>
      <line num="5" count="10" type="stmt"/>
      <line num="6" count="10" type="stmt"/>
      <line num="7" count="18" type="stmt"/>
      <line num="9" count="10" type="stmt"/>
      <line num="16" count="20" type="stmt"/>
      <line num="17" count="20" type="stmt"/>
      <line num="18" count="20" type="stmt"/>
      <line num="20" count="20" type="cond" truecount="2" falsecount="0"/>
      <line num="21" count="55" type="cond" truecount="2" falsecount="0"/>
      <line num="22" count="43" type="stmt"/>
      <line num="23" count="43" type="stmt"/>
      <line num="25" count="12" type="stmt"/>
      <line num="26" count="12" type="stmt"/>
      <line num="30" count="20" type="stmt"/>
      <line num="31" count="7" type="stmt"/>
      <line num="32" count="7" type="stmt"/>
      <line num="35" count="20" type="stmt"/>
      <line num="36" count="24" type="stmt"/>
      <line num="37" count="24" type="stmt"/>
      <line num="40" count="20" type="stmt"/>
      <line num="49" count="1" type="stmt"/>
      <line num="55" count="10" type="stmt"/>
      <line num="58" count="10" type="stmt"/>
      <line num="61" count="10" type="stmt"/>
    </file>
  </project>
</coverage>
