{"D:\\สร้างเล่นๆ\\merge-project\\merge-project\\src\\merge.ts": {"path":"D:\\สร้างเล่นๆ\\merge-project\\merge-project\\src\\merge.ts","statementMap":{"0":{"start":{"line":49,"column":0},"end":{"line":49,"column":16}},"1":{"start":{"line":5,"column":29},"end":{"line":5,"column":31}},"2":{"start":{"line":6,"column":4},"end":{"line":8,"column":5}},"3":{"start":{"line":6,"column":17},"end":{"line":6,"column":31}},"4":{"start":{"line":7,"column":8},"end":{"line":7,"column":28}},"5":{"start":{"line":9,"column":4},"end":{"line":9,"column":18}},"6":{"start":{"line":16,"column":29},"end":{"line":16,"column":31}},"7":{"start":{"line":17,"column":12},"end":{"line":17,"column":13}},"8":{"start":{"line":18,"column":12},"end":{"line":18,"column":13}},"9":{"start":{"line":20,"column":4},"end":{"line":28,"column":5}},"10":{"start":{"line":21,"column":8},"end":{"line":27,"column":9}},"11":{"start":{"line":22,"column":12},"end":{"line":22,"column":30}},"12":{"start":{"line":23,"column":12},"end":{"line":23,"column":16}},"13":{"start":{"line":25,"column":12},"end":{"line":25,"column":30}},"14":{"start":{"line":26,"column":12},"end":{"line":26,"column":16}},"15":{"start":{"line":30,"column":4},"end":{"line":33,"column":5}},"16":{"start":{"line":31,"column":8},"end":{"line":31,"column":26}},"17":{"start":{"line":32,"column":8},"end":{"line":32,"column":12}},"18":{"start":{"line":35,"column":4},"end":{"line":38,"column":5}},"19":{"start":{"line":36,"column":8},"end":{"line":36,"column":26}},"20":{"start":{"line":37,"column":8},"end":{"line":37,"column":12}},"21":{"start":{"line":40,"column":4},"end":{"line":40,"column":18}},"22":{"start":{"line":55,"column":24},"end":{"line":55,"column":50}},"23":{"start":{"line":58,"column":19},"end":{"line":58,"column":60}},"24":{"start":{"line":61,"column":4},"end":{"line":61,"column":48}}},"fnMap":{"0":{"name":"reverseArray","decl":{"start":{"line":4,"column":9},"end":{"line":4,"column":21}},"loc":{"start":{"line":4,"column":35},"end":{"line":10,"column":1}}},"1":{"name":"mergeTwoSorted","decl":{"start":{"line":15,"column":9},"end":{"line":15,"column":23}},"loc":{"start":{"line":15,"column":48},"end":{"line":41,"column":1}}},"2":{"name":"merge","decl":{"start":{"line":49,"column":16},"end":{"line":49,"column":21}},"loc":{"start":{"line":52,"column":26},"end":{"line":62,"column":1}}}},"branchMap":{"0":{"loc":{"start":{"line":20,"column":11},"end":{"line":20,"column":39}},"type":"binary-expr","locations":[{"start":{"line":20,"column":11},"end":{"line":20,"column":23}},{"start":{"line":20,"column":27},"end":{"line":20,"column":39}}]},"1":{"loc":{"start":{"line":21,"column":8},"end":{"line":27,"column":9}},"type":"if","locations":[{"start":{"line":21,"column":8},"end":{"line":27,"column":9}},{"start":{"line":24,"column":15},"end":{"line":27,"column":9}}]}},"s":{"0":1,"1":10,"2":10,"3":10,"4":18,"5":10,"6":20,"7":20,"8":20,"9":20,"10":55,"11":43,"12":43,"13":12,"14":12,"15":20,"16":7,"17":7,"18":20,"19":24,"20":24,"21":20,"22":10,"23":10,"24":10},"f":{"0":10,"1":20,"2":10},"b":{"0":[75,59],"1":[43,12]}}
}
